<?xml version="1.0" encoding="UTF-8"?>
<!-- Generated by org.testng.reporters.JUnitXMLReporter -->
<testsuite ignored="0" hostname="DESKTOP-U5UN98U" failures="1" tests="1" name="Test" time="1.106" errors="0" timestamp="2022-05-03T13:57:17 GMT-04:00">
  <testcase classname="testclasses.TestingTest" name="test1Test" time="1.028">
    <failure type="org.testng.internal.thread.ThreadTimeoutException" message="Method testclasses.TestingTest.test1Test() didn&amp;apos;t finish within the time-out 1000">
      <![CDATA[org.testng.internal.thread.ThreadTimeoutException: Method testclasses.TestingTest.test1Test() didn't finish within the time-out 1000
at java.base@17/java.lang.Thread.sleep(Native Method)
at app//testclasses.TestingTest.test1Test(TestingTest.java:12)
at java.base@17/java.util.concurrent.FutureTask.run(FutureTask.java:264)
at java.base@17/java.util.concurrent.ThreadPoolExecutor.runWorker(ThreadPoolExecutor.java:1136)
at java.base@17/java.util.concurrent.ThreadPoolExecutor$Worker.run(ThreadPoolExecutor.java:635)
at java.base@17/java.lang.Thread.run(Thread.java:833)
... Removed 8 stack frames]]>
    </failure>
  </testcase> <!-- test1Test -->
</testsuite> <!-- Test -->
